2024-06-25T04:33:34.465Z [INFO]: Listening to port 3000...
2024-06-25T04:33:34.467Z [INFO]: Server on development environment...
2024-06-25T04:34:04.442Z [ERROR]: connect ECONNREFUSED ::1:27017 connect ECONNREFUSED ::1:27017 [object Object]
2024-06-25T04:38:11.015Z [INFO]: Listening to port 3000...
2024-06-25T04:38:11.016Z [INFO]: Server on development environment...
2024-06-25T04:38:40.994Z [ERROR]: connect ECONNREFUSED ::1:27017 connect ECONNREFUSED ::1:27017 [object Object]
2024-06-25T04:38:53.543Z [INFO]: Listening to port 3000...
2024-06-25T04:38:53.547Z [INFO]: Server on development environment...
2024-06-25T04:39:23.512Z [ERROR]: connect ECONNREFUSED ::1:27017 connect ECONNREFUSED ::1:27017 [object Object]
2024-06-25T04:41:22.053Z [INFO]: Listening to port 3000...
2024-06-25T04:41:22.056Z [INFO]: Server on development environment...
2024-06-25T04:41:52.041Z [ERROR]: connect ECONNREFUSED ::1:27017 connect ECONNREFUSED ::1:27017 [object Object]
2024-06-25T04:42:57.913Z [INFO]: Listening to port 3000...
2024-06-25T04:42:57.915Z [INFO]: Server on development environment...
2024-06-25T04:43:23.690Z [ERROR]: Error connecting to the database: [object Object]
2024-06-25T04:43:23.685Z [INFO]: Listening to port 3000...
2024-06-25T04:43:23.687Z [INFO]: Server on development environment...
2024-06-25T04:43:50.583Z [INFO]: Listening to port 3000...
2024-06-25T04:43:50.585Z [INFO]: Server on development environment...
2024-06-25T04:44:20.564Z [ERROR]: Error connecting to the database: [object Object]
2024-06-25T04:45:01.645Z [INFO]: Listening to port 3000...
2024-06-25T04:45:01.647Z [INFO]: Server on development environment...
2024-06-25T04:45:31.637Z [ERROR]: Error connecting to the database: connect ECONNREFUSED ::1:27017 [object Object]
2024-06-25T04:47:43.835Z [INFO]: Listening to port 3000...
2024-06-25T04:47:43.838Z [INFO]: Server on development environment...
2024-06-25T04:48:13.820Z [ERROR]: Error connecting to the database: connect ECONNREFUSED ::1:27017 [object Object]
2024-06-25T05:32:19.668Z [INFO]: Listening to port 3000...
2024-06-25T05:32:19.670Z [INFO]: Server on development environment...
2024-06-25T05:32:49.666Z [ERROR]: Error connecting to the database: connect ECONNREFUSED ::1:27017 [object Object]
2024-06-25T05:35:47.377Z [INFO]: Listening to port 3000...
2024-06-25T05:35:47.379Z [INFO]: Server on development environment...
2024-06-25T05:36:17.375Z [ERROR]: Error connecting to the database: connect ECONNREFUSED ::1:27017 [object Object]
2024-06-25T05:43:53.038Z [INFO]: Listening to port 3000...
2024-06-25T05:43:53.040Z [INFO]: Server on development environment...
2024-06-25T05:44:23.032Z [ERROR]: Error connecting to the database: connect ECONNREFUSED ::1:27017 [object Object]
2024-06-25T05:45:31.045Z [INFO]: Listening to port 3000...
2024-06-25T05:45:31.047Z [INFO]: Server on development environment...
2024-06-25T05:46:01.023Z [ERROR]: Error connecting to the database: connect ECONNREFUSED ::1:27017 [object Object]
2024-06-25T05:49:01.864Z [INFO]: Listening to port 3000...
2024-06-25T05:49:01.868Z [INFO]: Server on development environment...
2024-06-25T05:49:31.849Z [ERROR]: Error connecting to the database: connect ECONNREFUSED ::1:27017 [object Object]
2024-06-25T05:54:10.052Z [INFO]: Listening to port 3000...
2024-06-25T05:54:10.075Z [INFO]: Connected to mongodb://127.0.0.1:27017/grandshipper... [object Object]
2024-06-25T05:54:10.054Z [INFO]: Server on development environment...
2024-06-25T06:03:14.711Z [INFO]: Listening to port 3000...
2024-06-25T06:03:14.713Z [INFO]: Server on development environment...
2024-06-25T06:03:44.711Z [ERROR]: Error connecting to the database: connect ECONNREFUSED ::1:27017 [object Object]
2024-06-25T06:04:15.185Z [INFO]: Listening to port 3000...
2024-06-25T06:04:15.201Z [INFO]: Connected to mongodb://127.0.0.1:27017/grandshipper... [object Object]
2024-06-25T06:04:15.187Z [INFO]: Server on development environment...
2024-06-25T07:59:22.365Z [INFO]: Listening to port 3000...
2024-06-25T07:59:22.396Z [INFO]: Connected to mongodb://127.0.0.1:27017/grandshipper... [object Object]
2024-06-25T07:59:22.367Z [INFO]: Server on development environment...
2024-06-25T08:38:04.790Z [INFO]: Listening to port 3000...
2024-06-25T08:38:04.813Z [INFO]: Connected to mongodb://127.0.0.1:27017/grandshipper... [object Object]
2024-06-25T08:38:04.793Z [INFO]: Server on development environment...
2024-06-26T08:25:40.178Z [ERROR]: Error connecting to the database: The `uri` parameter to `openUri()` must be a string, got "undefined". Make sure the first parameter to `mongoose.connect()` or `mongoose.createConnection()` is a string. [object Object]
2024-06-26T08:25:40.172Z [INFO]: Listening to port 3000...
2024-06-26T08:25:40.174Z [INFO]: Server on undefined environment...
2024-06-26T08:29:44.404Z [ERROR]: Error connecting to the database: The `uri` parameter to `openUri()` must be a string, got "undefined". Make sure the first parameter to `mongoose.connect()` or `mongoose.createConnection()` is a string. [object Object]
2024-06-26T08:29:44.379Z [INFO]: Listening to port 3000...
2024-06-26T08:29:44.389Z [INFO]: Server on undefined environment...
2024-06-26T08:29:54.914Z [ERROR]: Error connecting to the database: The `uri` parameter to `openUri()` must be a string, got "undefined". Make sure the first parameter to `mongoose.connect()` or `mongoose.createConnection()` is a string. [object Object]
2024-06-26T08:29:54.902Z [INFO]: Listening to port 3000...
2024-06-26T08:29:54.905Z [INFO]: Server on undefined environment...
2024-06-26T08:30:14.758Z [ERROR]: Error connecting to the database: The `uri` parameter to `openUri()` must be a string, got "undefined". Make sure the first parameter to `mongoose.connect()` or `mongoose.createConnection()` is a string. [object Object]
2024-06-26T08:30:14.751Z [INFO]: Listening to port 3000...
2024-06-26T08:30:14.753Z [INFO]: Server on undefined environment...
2024-06-26T08:30:21.469Z [ERROR]: Error connecting to the database: The `uri` parameter to `openUri()` must be a string, got "undefined". Make sure the first parameter to `mongoose.connect()` or `mongoose.createConnection()` is a string. [object Object]
2024-06-26T08:30:21.462Z [INFO]: Listening to port 3000...
2024-06-26T08:30:21.464Z [INFO]: Server on undefined environment...
2024-06-26T08:30:32.917Z [ERROR]: Error connecting to the database: The `uri` parameter to `openUri()` must be a string, got "undefined". Make sure the first parameter to `mongoose.connect()` or `mongoose.createConnection()` is a string. [object Object]
2024-06-26T08:30:32.909Z [INFO]: Listening to port 3000...
2024-06-26T08:30:32.912Z [INFO]: Server on undefined environment...
2024-06-26T08:32:08.165Z [ERROR]: Error connecting to the database: The `uri` parameter to `openUri()` must be a string, got "undefined". Make sure the first parameter to `mongoose.connect()` or `mongoose.createConnection()` is a string. [object Object]
2024-06-26T08:32:08.157Z [INFO]: Listening to port 3000...
2024-06-26T08:32:08.159Z [INFO]: Server on undefined environment...
2024-06-26T08:33:37.789Z [ERROR]: Error connecting to the database: The `uri` parameter to `openUri()` must be a string, got "undefined". Make sure the first parameter to `mongoose.connect()` or `mongoose.createConnection()` is a string. [object Object]
2024-06-26T08:33:37.782Z [INFO]: Listening to port 3000...
2024-06-26T08:33:37.783Z [INFO]: Server on undefined environment...
2024-06-26T08:34:25.738Z [ERROR]: Operation `types.find()` buffering timed out after 10000ms Operation `types.find()` buffering timed out after 10000ms [object Object]
2024-06-26T08:35:35.351Z [ERROR]: Error connecting to the database: The `uri` parameter to `openUri()` must be a string, got "undefined". Make sure the first parameter to `mongoose.connect()` or `mongoose.createConnection()` is a string. [object Object]
2024-06-26T08:35:35.344Z [INFO]: Listening to port 3000...
2024-06-26T08:35:35.346Z [INFO]: Server on undefined environment...
2024-06-26T08:36:22.371Z [INFO]: Listening to port 3000...
2024-06-26T08:36:22.391Z [INFO]: Connected to mongodb://127.0.0.1:27017/grandshipper... [object Object]
2024-06-26T08:36:22.372Z [INFO]: Server on undefined environment...
2024-06-26T08:36:29.912Z [ERROR]: Error connecting to the database: The `uri` parameter to `openUri()` must be a string, got "undefined". Make sure the first parameter to `mongoose.connect()` or `mongoose.createConnection()` is a string. [object Object]
2024-06-26T08:36:29.906Z [INFO]: Listening to port 3000...
2024-06-26T08:36:29.908Z [INFO]: Server on undefined environment...
2024-06-26T08:36:49.409Z [ERROR]: Error connecting to the database: The `uri` parameter to `openUri()` must be a string, got "undefined". Make sure the first parameter to `mongoose.connect()` or `mongoose.createConnection()` is a string. [object Object]
2024-06-26T08:36:49.403Z [INFO]: Listening to port 3000...
2024-06-26T08:36:49.405Z [INFO]: Server on undefined environment...
2024-06-26T08:37:42.319Z [ERROR]: Error connecting to the database: Invalid scheme, expected connection string to start with "mongodb://" or "mongodb+srv://" [object Object]
2024-06-26T08:37:42.314Z [INFO]: Listening to port 3000...
2024-06-26T08:37:42.316Z [INFO]: Server on undefined environment...
2024-06-26T08:38:02.329Z [ERROR]: Error connecting to the database: Invalid scheme, expected connection string to start with "mongodb://" or "mongodb+srv://" [object Object]
2024-06-26T08:38:02.324Z [INFO]: Listening to port 3000...
2024-06-26T08:38:02.326Z [INFO]: Server on undefined environment...
2024-06-26T08:39:06.913Z [ERROR]: Error connecting to the database: Invalid scheme, expected connection string to start with "mongodb://" or "mongodb+srv://" [object Object]
2024-06-26T08:39:06.903Z [INFO]: Listening to port 3000...
2024-06-26T08:39:06.906Z [INFO]: Server on undefined environment...
2024-06-26T08:39:56.787Z [ERROR]: Error connecting to the database: Invalid scheme, expected connection string to start with "mongodb://" or "mongodb+srv://" [object Object]
2024-06-26T08:39:56.780Z [INFO]: Listening to port 3000...
2024-06-26T08:39:56.782Z [INFO]: Server on undefined environment...
2024-06-26T08:42:12.235Z [INFO]: Listening to port 5000...
2024-06-26T08:42:12.265Z [INFO]: Connected to mongodb://127.0.0.1:27017/grandshipper... [object Object]
2024-06-26T08:42:12.237Z [INFO]: Server on development environment...
2024-06-26T08:51:32.497Z [INFO]: Listening to port 5000...
2024-06-26T08:51:32.516Z [INFO]: Connected to mongodb://127.0.0.1:27017/grandshipper... [object Object]
2024-06-26T08:51:32.498Z [INFO]: Server on development environment...
2024-06-26T08:53:19.875Z [INFO]: Listening to port 3000...
2024-06-26T08:53:19.928Z [INFO]: Connected to mongodb://127.0.0.1:27017/grandshipper... [object Object]
2024-06-26T08:53:19.877Z [INFO]: Server on development environment...
2024-06-26T08:53:30.264Z [INFO]: Listening to port 3000...
2024-06-26T08:53:30.285Z [INFO]: Connected to mongodb://127.0.0.1:27017/grandshipper... [object Object]
2024-06-26T08:53:30.265Z [INFO]: Server on development environment...
2024-06-26T08:59:26.437Z [INFO]: Listening to port 3000...
2024-06-26T08:59:26.457Z [INFO]: Connected to mongodb://127.0.0.1:27017/grandshipper... [object Object]
2024-06-26T08:59:26.438Z [INFO]: Server on development environment...
2024-06-26T09:00:27.729Z [INFO]: Listening to port 3000...
2024-06-26T09:00:27.750Z [INFO]: Connected to mongodb://127.0.0.1:27017/grandshipper... [object Object]
2024-06-26T09:00:27.730Z [INFO]: Server on development environment...
2024-06-26T09:00:33.824Z [INFO]: Listening to port 3000...
2024-06-26T09:00:33.850Z [INFO]: Connected to mongodb://127.0.0.1:27017/grandshipper... [object Object]
2024-06-26T09:00:33.826Z [INFO]: Server on development environment...
2024-06-26T09:00:39.505Z [INFO]: Listening to port 3000...
2024-06-26T09:00:39.545Z [INFO]: Connected to mongodb://127.0.0.1:27017/grandshipper... [object Object]
2024-06-26T09:00:39.509Z [INFO]: Server on development environment...
2024-06-26T09:01:10.474Z [INFO]: Listening to port 3000...
2024-06-26T09:01:10.499Z [INFO]: Connected to mongodb://127.0.0.1:27017/grandshipper... [object Object]
2024-06-26T09:01:10.475Z [INFO]: Server on development environment...
2024-06-26T09:01:13.344Z [INFO]: Listening to port 3000...
2024-06-26T09:01:13.367Z [INFO]: Connected to mongodb://127.0.0.1:27017/grandshipper... [object Object]
2024-06-26T09:01:13.345Z [INFO]: Server on development environment...
2024-06-26T09:03:13.827Z [INFO]: Listening to port 3000...
2024-06-26T09:03:13.849Z [INFO]: Connected to mongodb://127.0.0.1:27017/grandshipper... [object Object]
2024-06-26T09:03:13.828Z [INFO]: Server on development environment...
2024-06-26T09:03:20.754Z [INFO]: Listening to port 3000...
2024-06-26T09:03:20.772Z [INFO]: Connected to mongodb://127.0.0.1:27017/grandshipper... [object Object]
2024-06-26T09:03:20.755Z [INFO]: Server on development environment...
2024-06-26T09:03:46.778Z [INFO]: Listening to port 3000...
2024-06-26T09:03:46.806Z [INFO]: Connected to mongodb://127.0.0.1:27017/grandshipper... [object Object]
2024-06-26T09:03:46.780Z [INFO]: Server on development environment...
2024-06-26T09:12:39.739Z [INFO]: Listening to port 3000...
2024-06-26T09:12:39.762Z [INFO]: Connected to mongodb://127.0.0.1:27017/grandshipper... [object Object]
2024-06-26T09:12:39.740Z [INFO]: Server on development environment...
2024-06-26T09:33:18.361Z [INFO]: Listening to port 3000...
2024-06-26T09:33:18.384Z [INFO]: Connected to mongodb://127.0.0.1:27017/grandshipper... [object Object]
2024-06-26T09:33:18.362Z [INFO]: Server on development environment...
2024-06-26T09:33:20.185Z [INFO]: Listening to port 3000...
2024-06-26T09:33:20.214Z [INFO]: Connected to mongodb://127.0.0.1:27017/grandshipper... [object Object]
2024-06-26T09:33:20.187Z [INFO]: Server on development environment...
2024-06-26T09:58:00.383Z [INFO]: Listening to port 3000...
2024-06-26T09:58:00.405Z [INFO]: Connected to mongodb://127.0.0.1:27017/grandshipper... [object Object]
2024-06-26T09:58:00.385Z [INFO]: Server on development environment...
2024-06-26T09:58:01.775Z [INFO]: Listening to port 3000...
2024-06-26T09:58:01.795Z [INFO]: Connected to mongodb://127.0.0.1:27017/grandshipper... [object Object]
2024-06-26T09:58:01.776Z [INFO]: Server on development environment...
2024-06-26T10:00:39.250Z [INFO]: Listening to port 3000...
2024-06-26T10:00:39.280Z [INFO]: Connected to mongodb://127.0.0.1:27017/grandshipper... [object Object]
2024-06-26T10:00:39.251Z [INFO]: Server on development environment...
2024-06-26T10:06:07.761Z [INFO]: Listening to port 3000...
2024-06-26T10:06:07.781Z [INFO]: Connected to mongodb://127.0.0.1:27017/grandshipper... [object Object]
2024-06-26T10:06:07.762Z [INFO]: Server on development environment...
2024-06-26T10:06:08.913Z [INFO]: Listening to port 3000...
2024-06-26T10:06:08.941Z [INFO]: Connected to mongodb://127.0.0.1:27017/grandshipper... [object Object]
2024-06-26T10:06:08.914Z [INFO]: Server on development environment...
2024-06-26T11:14:29.895Z [INFO]: Listening to port 3000...
2024-06-26T11:14:29.915Z [INFO]: Connected to mongodb://127.0.0.1:27017/grandshipper... [object Object]
2024-06-26T11:14:29.896Z [INFO]: Server on development environment...
2024-06-26T11:14:31.654Z [INFO]: Listening to port 3000...
2024-06-26T11:14:31.673Z [INFO]: Connected to mongodb://127.0.0.1:27017/grandshipper... [object Object]
2024-06-26T11:14:31.655Z [INFO]: Server on development environment...
